Build started 1/15/2014 1:31:22 AM.
     1>Project "C:\Users\deweshiitkgp\documents\visual studio 2010\Projects\BTP\BTP\BTP.vcxproj" on node 2 (build target(s)).
     1>InitializeBuildStatus:
         Creating "x64\Debug\BTP.unsuccessfulbuild" because "AlwaysCreate" was specified.
       ClCompile:
         All outputs are up-to-date.
         C:\Program Files (x86)\Microsoft Visual Studio 10.0\VC\bin\x86_amd64\CL.exe /c /IC:\OpenCV2.3\build\include /IC:\OpenCV2.3\build\include\opencv /Zi /nologo /W3 /WX- /Od /D WIN32 /D _DEBUG /D _CONSOLE /D _UNICODE /D UNICODE /Gm /EHsc /RTC1 /MDd /GS /fp:precise /Zc:wchar_t /Zc:forScope /Yu"StdAfx.h" /Fp"x64\Debug\BTP.pch" /Fo"x64\Debug\\" /Fd"x64\Debug\vc100.pdb" /Gd /TP /errorReport:prompt BTP.cpp
         BTP.cpp
     1>C:\OpenCV2.3\build\include\opencv2/flann/logger.h(70): warning C4996: 'fopen': This function or variable may be unsafe. Consider using fopen_s instead. To disable deprecation, use _CRT_SECURE_NO_WARNINGS. See online help for details.
                 C:\Program Files (x86)\Microsoft Visual Studio 10.0\VC\include\stdio.h(234) : see declaration of 'fopen'
     1>BTP.cpp(367): warning C4305: 'initializing' : truncation from 'double' to 'float'
     1>BTP.cpp(372): warning C4244: 'initializing' : conversion from 'float' to 'int', possible loss of data
     1>BTP.cpp(373): warning C4244: 'initializing' : conversion from 'float' to 'int', possible loss of data
     1>BTP.cpp(422): warning C4996: 'scanf': This function or variable may be unsafe. Consider using scanf_s instead. To disable deprecation, use _CRT_SECURE_NO_WARNINGS. See online help for details.
                 C:\Program Files (x86)\Microsoft Visual Studio 10.0\VC\include\stdio.h(304) : see declaration of 'scanf'
       ResourceCompile:
         All outputs are up-to-date.
       ManifestResourceCompile:
         All outputs are up-to-date.
       Link:
         C:\Program Files (x86)\Microsoft Visual Studio 10.0\VC\bin\x86_amd64\link.exe /ERRORREPORT:PROMPT /OUT:"C:\Users\deweshiitkgp\documents\visual studio 2010\Projects\BTP\x64\Debug\BTP.exe" /INCREMENTAL /NOLOGO C:\OpenCV2.3\build\x64\vc10\lib\opencv_core230d.lib C:\OpenCV2.3\build\x64\vc10\lib\opencv_highgui230d.lib C:\OpenCV2.3\build\x64\vc10\lib\opencv_video230d.lib C:\OpenCV2.3\build\x64\vc10\lib\opencv_ml230d.lib C:\OpenCV2.3\build\x64\vc10\lib\opencv_legacy230d.lib C:\OpenCV2.3\build\x64\vc10\lib\opencv_imgproc230d.lib kernel32.lib user32.lib gdi32.lib winspool.lib comdlg32.lib advapi32.lib shell32.lib ole32.lib oleaut32.lib uuid.lib odbc32.lib odbccp32.lib /MANIFEST /ManifestFile:"x64\Debug\BTP.exe.intermediate.manifest" /MANIFESTUAC:"level='asInvoker' uiAccess='false'" /DEBUG /PDB:"C:\Users\deweshiitkgp\documents\visual studio 2010\Projects\BTP\x64\Debug\BTP.pdb" /SUBSYSTEM:CONSOLE /TLBID:1 /DYNAMICBASE /NXCOMPAT /IMPLIB:"C:\Users\deweshiitkgp\documents\visual studio 2010\Projects\BTP\x64\Debug\BTP.lib" /MACHINE:X64 x64\Debug\BTP.res
         x64\Debug\BTP.exe.embed.manifest.res
         x64\Debug\BTP.obj
         x64\Debug\edge.obj
         x64\Debug\point.obj
         x64\Debug\staple.obj
         x64\Debug\stdafx.obj
         x64\Debug\Tool.obj
         BTP.vcxproj -> C:\Users\deweshiitkgp\documents\visual studio 2010\Projects\BTP\x64\Debug\BTP.exe
       Manifest:
         C:\Program Files (x86)\Microsoft SDKs\Windows\v7.0A\bin\mt.exe /nologo /verbose /out:"x64\Debug\BTP.exe.embed.manifest" /manifest x64\Debug\BTP.exe.intermediate.manifest
         All outputs are up-to-date.
       LinkEmbedManifest:
         All outputs are up-to-date.
         BTP.vcxproj -> C:\Users\deweshiitkgp\documents\visual studio 2010\Projects\BTP\x64\Debug\BTP.exe
       FinalizeBuildStatus:
         Deleting file "x64\Debug\BTP.unsuccessfulbuild".
         Touching "x64\Debug\BTP.lastbuildstate".
     1>Done Building Project "C:\Users\deweshiitkgp\documents\visual studio 2010\Projects\BTP\BTP\BTP.vcxproj" (build target(s)).

Build succeeded.

Time Elapsed 00:00:04.16
